gpasm-1.4.0 #1107 (Jan  1 2021)     hex01.asm   3-25-2026  00:26:49         PAGE  1


LOC    OBJECT CODE    LINE  SOURCE TEXT
  VALUE

                      00001 #include <p16f877a.inc>
                      00001         LIST
                      00002 
                      00003 ;==========================================================================
                      00004 ; Build date : Aug 07 2014
                      00005 ;  MPASM PIC16F877A processor include
                      00006 ; 
                      00007 ;  (c) Copyright 1999-2014 Microchip Technology, All rights reserved
                      00008 ;==========================================================================
                      00009 
                      00567         LIST
2007   3FBB           00002     __CONFIG _FOSC_EXTRC & _WDTE_OFF & _PWRTE_OFF & _BOREN_OFF & _LVP_ON & _CPD_OFF & _WRT_OFF & _CP_OFF
                      00003     
0000                  00004     ORG 0x0000
0000   2805           00005     goto START
                      00006     
0005                  00007     ORG 0x0005
                      00008 
0005                  00009 START
0005   1303           00010     bcf STATUS, RP1
0006   1683           00011     bsf STATUS, RP0
                      00012     
Message[302]: Register in operand not in bank 0. Ensure that bank bits are correct. Bank_bits = 0x80, register{0x6}.
0007   0186           00013     clrf TRISB
0008   30FF           00014     movlw 0xFF
Message[302]: Register in operand not in bank 0. Ensure that bank bits are correct. Bank_bits = 0x80, register{0x7}.
0009   0087           00015     movwf TRISC
                      00016     
000A   1283           00017     bcf STATUS, RP0
                      00018     
000B   0186           00019     clrf PORTB
                      00020     
000C   3032           00021     movlw d'50'
000D   00B0           00022     movwf 0x30
                      00023 
000E                  00024 MAIN_LOOP
000E   0986           00025     comf PORTB, F
                      00026     
000F   0830           00027     movf 0x30, W
0010   00B1           00028     movwf 0x31
                      00029 
0011                  00030 DELAY_CYCLE:
0011   2031           00031     call DELAY_20MS
0012   2019           00032     call CHECK_BUTTONS
                      00033     
0013   0831           00034     movf 0x31, W
0014   1903           00035     btfsc STATUS, Z
0015   280E           00036     goto MAIN_LOOP
                      00037     
0016   0BB1           00038     decfsz 0x31, F
0017   2811           00039     goto DELAY_CYCLE
                      00040     
0018   280E           00041     goto MAIN_LOOP
gpasm-1.4.0 #1107 (Jan  1 2021)     hex01.asm   3-25-2026  00:26:49         PAGE  2


LOC    OBJECT CODE    LINE  SOURCE TEXT
  VALUE

                      00042 
0019                  00043 CHECK_BUTTONS:
0019                  00044 CHECK_RC0:
0019   1F07           00045     btfss PORTC, 6
001A   2825           00046     goto CHECK_RC1
                      00047     
001B   30FA           00048     movlw d'250'
001C   0230           00049     subwf 0x30, W
001D   1803           00050     btfsc STATUS, C
001E   2821           00051     goto WAIT_RC0
                      00052     
001F   3005           00053     movlw d'5'
0020   07B0           00054     addwf 0x30, F
                      00055     
0021                  00056 WAIT_RC0:
0021   2031           00057     call DELAY_20MS
0022   1B07           00058     btfsc PORTC, 6
0023   2821           00059     goto WAIT_RC0
0024   2830           00060     goto CHECK_END
                      00061 
0025                  00062 CHECK_RC1:
0025   1F87           00063     btfss PORTC, 7
0026   2830           00064     goto CHECK_END
                      00065     
0027   3037           00066     movlw d'55'
0028   0230           00067     subwf 0x30, W
0029   1C03           00068     btfss STATUS, C
002A   282D           00069     goto WAIT_RC1
                      00070     
002B   3005           00071     movlw d'5'
002C   02B0           00072     subwf 0x30, F
                      00073     
002D                  00074 WAIT_RC1:
002D   2031           00075     call DELAY_20MS
002E   1B87           00076     btfsc PORTC, 7
002F   282D           00077     goto WAIT_RC1
                      00078 
0030                  00079 CHECK_END:
0030   0008           00080     return
                      00081 
0031                  00082 DELAY_20MS:
0031   3064           00083     movlw d'100'
0032   00A5           00084     movwf 0x25
0033                  00085 DELAY_OUTER:
0033   3042           00086     movlw d'66'
0034   00A6           00087     movwf 0x26
0035                  00088 DELAY_INNER:
0035   0BA6           00089     decfsz 0x26, F
0036   2835           00090     goto DELAY_INNER
0037   0BA5           00091     decfsz 0x25, F
0038   2833           00092     goto DELAY_OUTER
0039   0008           00093     return
                      00094     
gpasm-1.4.0 #1107 (Jan  1 2021)     hex01.asm   3-25-2026  00:26:49         PAGE  3


LOC    OBJECT CODE    LINE  SOURCE TEXT
  VALUE

                      00095     end
gpasm-1.4.0 #1107 (Jan  1 2021)     hex01.asm   3-25-2026  00:26:49         PAGE  4


SYMBOL TABLE
  LABEL                             VALUE

ACKDT                             00000005
ACKEN                             00000004
ACKSTAT                           00000006
ADCON0                            0000001F
ADCON1                            0000009F
ADCS0                             00000006
ADCS1                             00000007
ADCS2                             00000006
ADDEN                             00000003
ADFM                              00000007
ADIE                              00000006
ADIF                              00000006
ADON                              00000000
ADRESH                            0000001E
ADRESL                            0000009E
BCLIE                             00000003
BCLIF                             00000003
BF                                00000000
BRGH                              00000002
C                                 00000000
C1INV                             00000004
C1OUT                             00000006
C2INV                             00000005
C2OUT                             00000007
CCP1CON                           00000017
CCP1IE                            00000002
CCP1IF                            00000002
CCP1M0                            00000000
CCP1M1                            00000001
CCP1M2                            00000002
CCP1M3                            00000003
CCP1X                             00000005
CCP1Y                             00000004
CCP2CON                           0000001D
CCP2IE                            00000000
CCP2IF                            00000000
CCP2M0                            00000000
CCP2M1                            00000001
CCP2M2                            00000002
CCP2M3                            00000003
CCP2X                             00000005
CCP2Y                             00000004
CCPR1                             00000015
CCPR1H                            00000016
CCPR1L                            00000015
CCPR2                             0000001B
CCPR2H                            0000001C
CCPR2L                            0000001B
CHECK_BUTTONS                     00000019
CHECK_END                         00000030
CHECK_RC0                         00000019
CHECK_RC1                         00000025
CHS0                              00000003
gpasm-1.4.0 #1107 (Jan  1 2021)     hex01.asm   3-25-2026  00:26:49         PAGE  5


SYMBOL TABLE
  LABEL                             VALUE 

CHS1                              00000004
CHS2                              00000005
CIS                               00000003
CKE                               00000006
CKP                               00000004
CM0                               00000000
CM1                               00000001
CM2                               00000002
CMCON                             0000009C
CMIE                              00000006
CMIF                              00000006
CREN                              00000004
CSRC                              00000007
CVR0                              00000000
CVR1                              00000001
CVR2                              00000002
CVR3                              00000003
CVRCON                            0000009D
CVREN                             00000007
CVROE                             00000006
CVRR                              00000005
D                                 00000005
DATA_ADDRESS                      00000005
DC                                00000001
DELAY_20MS                        00000031
DELAY_CYCLE                       00000011
DELAY_INNER                       00000035
DELAY_OUTER                       00000033
D_A                               00000005
D_NOT_A                           00000005
EEADR                             0000010D
EEADRH                            0000010F
EECON1                            0000018C
EECON2                            0000018D
EEDATA                            0000010C
EEDATH                            0000010E
EEIE                              00000004
EEIF                              00000004
EEPGD                             00000007
F                                 00000001
FERR                              00000002
FSR                               00000004
GCEN                              00000007
GIE                               00000007
GO                                00000002
GO_DONE                           00000002
GO_NOT_DONE                       00000002
I2C_DATA                          00000005
I2C_READ                          00000002
I2C_START                         00000003
I2C_STOP                          00000004
IBF                               00000007
IBOV                              00000005
gpasm-1.4.0 #1107 (Jan  1 2021)     hex01.asm   3-25-2026  00:26:49         PAGE  6


SYMBOL TABLE
  LABEL                             VALUE 

INDF                              00000000
INTCON                            0000000B
INTE                              00000004
INTEDG                            00000006
INTF                              00000001
IRP                               00000007
MAIN_LOOP                         0000000E
NOT_A                             00000005
NOT_ADDRESS                       00000005
NOT_BO                            00000000
NOT_BOR                           00000000
NOT_DONE                          00000002
NOT_PD                            00000003
NOT_POR                           00000001
NOT_RBPU                          00000007
NOT_RC8                           00000006
NOT_T1SYNC                        00000002
NOT_TO                            00000004
NOT_TX8                           00000006
NOT_W                             00000002
NOT_WRITE                         00000002
OBF                               00000006
OERR                              00000001
OPTION_REG                        00000081
P                                 00000004
PCFG0                             00000000
PCFG1                             00000001
PCFG2                             00000002
PCFG3                             00000003
PCL                               00000002
PCLATH                            0000000A
PCON                              0000008E
PEIE                              00000006
PEN                               00000002
PIE1                              0000008C
PIE2                              0000008D
PIR1                              0000000C
PIR2                              0000000D
PORTA                             00000005
PORTB                             00000006
PORTC                             00000007
PORTD                             00000008
PORTE                             00000009
PR2                               00000092
PS0                               00000000
PS1                               00000001
PS2                               00000002
PSA                               00000003
PSPIE                             00000007
PSPIF                             00000007
PSPMODE                           00000004
R                                 00000002
RA0                               00000000
gpasm-1.4.0 #1107 (Jan  1 2021)     hex01.asm   3-25-2026  00:26:49         PAGE  7


SYMBOL TABLE
  LABEL                             VALUE 

RA1                               00000001
RA2                               00000002
RA3                               00000003
RA4                               00000004
RA5                               00000005
RB0                               00000000
RB1                               00000001
RB2                               00000002
RB3                               00000003
RB4                               00000004
RB5                               00000005
RB6                               00000006
RB7                               00000007
RBIE                              00000003
RBIF                              00000000
RC0                               00000000
RC1                               00000001
RC2                               00000002
RC3                               00000003
RC4                               00000004
RC5                               00000005
RC6                               00000006
RC7                               00000007
RC8_9                             00000006
RC9                               00000006
RCD8                              00000000
RCEN                              00000003
RCIE                              00000005
RCIF                              00000005
RCREG                             0000001A
RCSTA                             00000018
RD                                00000000
RD0                               00000000
RD1                               00000001
RD2                               00000002
RD3                               00000003
RD4                               00000004
RD5                               00000005
RD6                               00000006
RD7                               00000007
RE0                               00000000
RE1                               00000001
RE2                               00000002
READ_WRITE                        00000002
RP0                               00000005
RP1                               00000006
RSEN                              00000001
RX9                               00000006
RX9D                              00000000
R_NOT_W                           00000002
R_W                               00000002
S                                 00000003
SEN                               00000000
gpasm-1.4.0 #1107 (Jan  1 2021)     hex01.asm   3-25-2026  00:26:49         PAGE  8


SYMBOL TABLE
  LABEL                             VALUE 

SMP                               00000007
SPBRG                             00000099
SPEN                              00000007
SREN                              00000005
SSPADD                            00000093
SSPBUF                            00000013
SSPCON                            00000014
SSPCON2                           00000091
SSPEN                             00000005
SSPIE                             00000003
SSPIF                             00000003
SSPM0                             00000000
SSPM1                             00000001
SSPM2                             00000002
SSPM3                             00000003
SSPOV                             00000006
SSPSTAT                           00000094
START                             00000005
STATUS                            00000003
SYNC                              00000004
T0CS                              00000005
T0IE                              00000005
T0IF                              00000002
T0SE                              00000004
T1CKPS0                           00000004
T1CKPS1                           00000005
T1CON                             00000010
T1INSYNC                          00000002
T1OSCEN                           00000003
T1SYNC                            00000002
T2CKPS0                           00000000
T2CKPS1                           00000001
T2CON                             00000012
TMR0                              00000001
TMR0IE                            00000005
TMR0IF                            00000002
TMR1                              0000000E
TMR1CS                            00000001
TMR1H                             0000000F
TMR1IE                            00000000
TMR1IF                            00000000
TMR1L                             0000000E
TMR1ON                            00000000
TMR2                              00000011
TMR2IE                            00000001
TMR2IF                            00000001
TMR2ON                            00000002
TOUTPS0                           00000003
TOUTPS1                           00000004
TOUTPS2                           00000005
TOUTPS3                           00000006
TRISA                             00000085
TRISA0                            00000000
gpasm-1.4.0 #1107 (Jan  1 2021)     hex01.asm   3-25-2026  00:26:49         PAGE  9


SYMBOL TABLE
  LABEL                             VALUE 

TRISA1                            00000001
TRISA2                            00000002
TRISA3                            00000003
TRISA4                            00000004
TRISA5                            00000005
TRISB                             00000086
TRISB0                            00000000
TRISB1                            00000001
TRISB2                            00000002
TRISB3                            00000003
TRISB4                            00000004
TRISB5                            00000005
TRISB6                            00000006
TRISB7                            00000007
TRISC                             00000087
TRISC0                            00000000
TRISC1                            00000001
TRISC2                            00000002
TRISC3                            00000003
TRISC4                            00000004
TRISC5                            00000005
TRISC6                            00000006
TRISC7                            00000007
TRISD                             00000088
TRISD0                            00000000
TRISD1                            00000001
TRISD2                            00000002
TRISD3                            00000003
TRISD4                            00000004
TRISD5                            00000005
TRISD6                            00000006
TRISD7                            00000007
TRISE                             00000089
TRISE0                            00000000
TRISE1                            00000001
TRISE2                            00000002
TRMT                              00000001
TX8_9                             00000006
TX9                               00000006
TX9D                              00000000
TXD8                              00000000
TXEN                              00000005
TXIE                              00000004
TXIF                              00000004
TXREG                             00000019
TXSTA                             00000098
UA                                00000001
W                                 00000000
WAIT_RC0                          00000021
WAIT_RC1                          0000002D
WCOL                              00000007
WR                                00000001
WREN                              00000002
gpasm-1.4.0 #1107 (Jan  1 2021)     hex01.asm   3-25-2026  00:26:49         PAGE 10


SYMBOL TABLE
  LABEL                             VALUE 

WRERR                             00000003
Z                                 00000002
_BODEN_OFF                        00003FBF
_BODEN_ON                         00003FFF
_BOREN_OFF                        00003FBF
_BOREN_ON                         00003FFF
_CONFIG                           00002007
_CPD_OFF                          00003FFF
_CPD_ON                           00003EFF
_CP_ALL                           00001FFF
_CP_OFF                           00003FFF
_CP_ON                            00001FFF
_DEBUG_OFF                        00003FFF
_DEBUG_ON                         000037FF
_DEVID1                           00002006
_FOSC_EXTRC                       00003FFF
_FOSC_HS                          00003FFE
_FOSC_LP                          00003FFC
_FOSC_XT                          00003FFD
_HS_OSC                           00003FFE
_IDLOC0                           00002000
_IDLOC1                           00002001
_IDLOC2                           00002002
_IDLOC3                           00002003
_LP_OSC                           00003FFC
_LVP_OFF                          00003F7F
_LVP_ON                           00003FFF
_PWRTE_OFF                        00003FFF
_PWRTE_ON                         00003FF7
_RC_OSC                           00003FFF
_WDTE_OFF                         00003FFB
_WDTE_ON                          00003FFF
_WDT_OFF                          00003FFB
_WDT_ON                           00003FFF
_WRT_1FOURTH                      00003BFF
_WRT_256                          00003DFF
_WRT_HALF                         000039FF
_WRT_OFF                          00003FFF
_XT_OSC                           00003FFD
__16F877A                         00000001
__CODE_END                        00001FFF
__CODE_START                      00000000
__COMMON_RAM_END                  0000007F
__COMMON_RAM_START                00000070
__EEPROM_END                      000021FF
__EEPROM_START                    00002100
__VECTOR_INT                      00000004
__VECTOR_RESET                    00000000


MEMORY USAGE MAP ('X' = Used,  '-' = Unused)

0000 : X----XXXXXXXXXXX XXXXXXXXXXXXXXXX XXXXXXXXXXXXXXXX XXXXXXXXXX------
gpasm-1.4.0 #1107 (Jan  1 2021)     hex01.asm   3-25-2026  00:26:49         PAGE 11


SYMBOL TABLE
  LABEL                             VALUE 

2000 : -------X-------- ---------------- ---------------- ----------------

All other memory blocks unused.

Program Memory Words Used:    54
Program Memory Words Free:  8138


Errors   :     0
Warnings :     0 reported,     0 suppressed
Messages :     2 reported,     0 suppressed

