gpasm-1.4.0 #1107 (Jan  1 2021)     hex01.asm   3-21-2026  00:09:41         PAGE  1


LOC    OBJECT CODE    LINE  SOURCE TEXT
  VALUE

                      00001 #include <p16f877a.inc>
                      00001         LIST
                      00002 
                      00003 ;==========================================================================
                      00004 ; Build date : Aug 07 2014
                      00005 ;  MPASM PIC16F877A processor include
                      00006 ; 
                      00007 ;  (c) Copyright 1999-2014 Microchip Technology, All rights reserved
                      00008 ;==========================================================================
                      00009 
                      00567         LIST
2007   3FBB           00002     __CONFIG _FOSC_EXTRC & _WDTE_OFF & _PWRTE_OFF & _BOREN_OFF & _LVP_ON & _CPD_OFF & _WRT_OFF & _CP_OFF
                      00003     
0000                  00004     ORG 0x0000
0000   2805           00005     goto START
                      00006     
0005                  00007     ORG 0x0005
                      00008 
0005                  00009 START
0005   1303           00010     bcf STATUS, RP1
0006   1683           00011     bsf STATUS, RP0
                      00012 
0007   3006           00013     movlw 0x06
Message[302]: Register in operand not in bank 0. Ensure that bank bits are correct. Bank_bits = 0x80, register{0x1f}.
0008   009F           00014     movwf ADCON1
                      00015 
0009   3000           00016     movlw 0x00
Message[302]: Register in operand not in bank 0. Ensure that bank bits are correct. Bank_bits = 0x80, register{0x5}.
000A   0085           00017     movwf TRISA
000B   30FF           00018     movlw 0xFF
Message[302]: Register in operand not in bank 0. Ensure that bank bits are correct. Bank_bits = 0x80, register{0x7}.
000C   0087           00019     movwf TRISC
                      00020     
000D   1283           00021     bcf STATUS, RP0
                      00022     
000E   3000           00023     movlw 0x00
000F   0085           00024     movwf PORTA
                      00025 
0010                  00026 LOOP
0010   1C87           00027     btfss PORTC, 1
0011   2818           00028     goto CHECK_2
0012   3001           00029     movlw b'00000001'
0013   0685           00030     xorwf PORTA, f
0014   2041           00031     call DELAY
0015                  00032 WAIT_1:
0015   1887           00033     btfsc PORTC, 1
0016   2815           00034     goto WAIT_1
0017   2041           00035     call DELAY
                      00036 
0018                  00037 CHECK_2:
0018   1D07           00038     btfss PORTC, 2
0019   2820           00039     goto CHECK_3
001A   3002           00040     movlw b'00000010'
gpasm-1.4.0 #1107 (Jan  1 2021)     hex01.asm   3-21-2026  00:09:41         PAGE  2


LOC    OBJECT CODE    LINE  SOURCE TEXT
  VALUE

001B   0685           00041     xorwf PORTA, f
001C   2041           00042     call DELAY
001D                  00043 WAIT_2:
001D   1907           00044     btfsc PORTC, 2
001E   281D           00045     goto WAIT_2
001F   2041           00046     call DELAY
                      00047 
0020                  00048 CHECK_3:
0020   1D87           00049     btfss PORTC, 3
0021   2828           00050     goto CHECK_4
0022   3004           00051     movlw b'00000100'
0023   0685           00052     xorwf PORTA, f
0024   2041           00053     call DELAY
0025                  00054 WAIT_3:
0025   1987           00055     btfsc PORTC, 3
0026   2825           00056     goto WAIT_3
0027   2041           00057     call DELAY
                      00058 
0028                  00059 CHECK_4:
0028   1E07           00060     btfss PORTC, 4
0029   2830           00061     goto CHECK_5
002A   3008           00062     movlw b'00001000'
002B   0685           00063     xorwf PORTA, f
002C   2041           00064     call DELAY
002D                  00065 WAIT_4:
002D   1A07           00066     btfsc PORTC, 4
002E   282D           00067     goto WAIT_4
002F   2041           00068     call DELAY
                      00069 
0030                  00070 CHECK_5:
0030   1E87           00071     btfss PORTC, 5
0031   2838           00072     goto CHECK_6
0032   3010           00073     movlw b'00010000'
0033   0685           00074     xorwf PORTA, f
0034   2041           00075     call DELAY
0035                  00076 WAIT_5:
0035   1A87           00077     btfsc PORTC, 5
0036   2835           00078     goto WAIT_5
0037   2041           00079     call DELAY
                      00080 
0038                  00081 CHECK_6:
0038   1F07           00082     btfss PORTC, 6
0039   2840           00083     goto END_LOOP
003A   3020           00084     movlw b'00100000'
003B   0685           00085     xorwf PORTA, f
003C   2041           00086     call DELAY
003D                  00087 WAIT_6:
003D   1B07           00088     btfsc PORTC, 6
003E   283D           00089     goto WAIT_6
003F   2041           00090     call DELAY
                      00091 
0040                  00092 END_LOOP:
0040   2810           00093     goto LOOP
gpasm-1.4.0 #1107 (Jan  1 2021)     hex01.asm   3-21-2026  00:09:41         PAGE  3


LOC    OBJECT CODE    LINE  SOURCE TEXT
  VALUE

                      00094 
0041                  00095 DELAY:
0041   3064           00096     movlw d'100'
0042   00A0           00097     movwf 0x20
0043                  00098 DELAY_OUTER:
0043   30C8           00099     movlw d'200'
0044   00A1           00100     movwf 0x21
0045                  00101 DELAY_INNER:
0045   0BA1           00102     decfsz 0x21, f
0046   2845           00103     goto DELAY_INNER
0047   0BA0           00104     decfsz 0x20, f
0048   2843           00105     goto DELAY_OUTER
0049   0008           00106     return
                      00107     
                      00108     end
gpasm-1.4.0 #1107 (Jan  1 2021)     hex01.asm   3-21-2026  00:09:41         PAGE  4


SYMBOL TABLE
  LABEL                             VALUE

ACKDT                             00000005
ACKEN                             00000004
ACKSTAT                           00000006
ADCON0                            0000001F
ADCON1                            0000009F
ADCS0                             00000006
ADCS1                             00000007
ADCS2                             00000006
ADDEN                             00000003
ADFM                              00000007
ADIE                              00000006
ADIF                              00000006
ADON                              00000000
ADRESH                            0000001E
ADRESL                            0000009E
BCLIE                             00000003
BCLIF                             00000003
BF                                00000000
BRGH                              00000002
C                                 00000000
C1INV                             00000004
C1OUT                             00000006
C2INV                             00000005
C2OUT                             00000007
CCP1CON                           00000017
CCP1IE                            00000002
CCP1IF                            00000002
CCP1M0                            00000000
CCP1M1                            00000001
CCP1M2                            00000002
CCP1M3                            00000003
CCP1X                             00000005
CCP1Y                             00000004
CCP2CON                           0000001D
CCP2IE                            00000000
CCP2IF                            00000000
CCP2M0                            00000000
CCP2M1                            00000001
CCP2M2                            00000002
CCP2M3                            00000003
CCP2X                             00000005
CCP2Y                             00000004
CCPR1                             00000015
CCPR1H                            00000016
CCPR1L                            00000015
CCPR2                             0000001B
CCPR2H                            0000001C
CCPR2L                            0000001B
CHECK_2                           00000018
CHECK_3                           00000020
CHECK_4                           00000028
CHECK_5                           00000030
CHECK_6                           00000038
gpasm-1.4.0 #1107 (Jan  1 2021)     hex01.asm   3-21-2026  00:09:41         PAGE  5


SYMBOL TABLE
  LABEL                             VALUE 

CHS0                              00000003
CHS1                              00000004
CHS2                              00000005
CIS                               00000003
CKE                               00000006
CKP                               00000004
CM0                               00000000
CM1                               00000001
CM2                               00000002
CMCON                             0000009C
CMIE                              00000006
CMIF                              00000006
CREN                              00000004
CSRC                              00000007
CVR0                              00000000
CVR1                              00000001
CVR2                              00000002
CVR3                              00000003
CVRCON                            0000009D
CVREN                             00000007
CVROE                             00000006
CVRR                              00000005
D                                 00000005
DATA_ADDRESS                      00000005
DC                                00000001
DELAY                             00000041
DELAY_INNER                       00000045
DELAY_OUTER                       00000043
D_A                               00000005
D_NOT_A                           00000005
EEADR                             0000010D
EEADRH                            0000010F
EECON1                            0000018C
EECON2                            0000018D
EEDATA                            0000010C
EEDATH                            0000010E
EEIE                              00000004
EEIF                              00000004
EEPGD                             00000007
END_LOOP                          00000040
F                                 00000001
FERR                              00000002
FSR                               00000004
GCEN                              00000007
GIE                               00000007
GO                                00000002
GO_DONE                           00000002
GO_NOT_DONE                       00000002
I2C_DATA                          00000005
I2C_READ                          00000002
I2C_START                         00000003
I2C_STOP                          00000004
IBF                               00000007
gpasm-1.4.0 #1107 (Jan  1 2021)     hex01.asm   3-21-2026  00:09:41         PAGE  6


SYMBOL TABLE
  LABEL                             VALUE 

IBOV                              00000005
INDF                              00000000
INTCON                            0000000B
INTE                              00000004
INTEDG                            00000006
INTF                              00000001
IRP                               00000007
LOOP                              00000010
NOT_A                             00000005
NOT_ADDRESS                       00000005
NOT_BO                            00000000
NOT_BOR                           00000000
NOT_DONE                          00000002
NOT_PD                            00000003
NOT_POR                           00000001
NOT_RBPU                          00000007
NOT_RC8                           00000006
NOT_T1SYNC                        00000002
NOT_TO                            00000004
NOT_TX8                           00000006
NOT_W                             00000002
NOT_WRITE                         00000002
OBF                               00000006
OERR                              00000001
OPTION_REG                        00000081
P                                 00000004
PCFG0                             00000000
PCFG1                             00000001
PCFG2                             00000002
PCFG3                             00000003
PCL                               00000002
PCLATH                            0000000A
PCON                              0000008E
PEIE                              00000006
PEN                               00000002
PIE1                              0000008C
PIE2                              0000008D
PIR1                              0000000C
PIR2                              0000000D
PORTA                             00000005
PORTB                             00000006
PORTC                             00000007
PORTD                             00000008
PORTE                             00000009
PR2                               00000092
PS0                               00000000
PS1                               00000001
PS2                               00000002
PSA                               00000003
PSPIE                             00000007
PSPIF                             00000007
PSPMODE                           00000004
R                                 00000002
gpasm-1.4.0 #1107 (Jan  1 2021)     hex01.asm   3-21-2026  00:09:41         PAGE  7


SYMBOL TABLE
  LABEL                             VALUE 

RA0                               00000000
RA1                               00000001
RA2                               00000002
RA3                               00000003
RA4                               00000004
RA5                               00000005
RB0                               00000000
RB1                               00000001
RB2                               00000002
RB3                               00000003
RB4                               00000004
RB5                               00000005
RB6                               00000006
RB7                               00000007
RBIE                              00000003
RBIF                              00000000
RC0                               00000000
RC1                               00000001
RC2                               00000002
RC3                               00000003
RC4                               00000004
RC5                               00000005
RC6                               00000006
RC7                               00000007
RC8_9                             00000006
RC9                               00000006
RCD8                              00000000
RCEN                              00000003
RCIE                              00000005
RCIF                              00000005
RCREG                             0000001A
RCSTA                             00000018
RD                                00000000
RD0                               00000000
RD1                               00000001
RD2                               00000002
RD3                               00000003
RD4                               00000004
RD5                               00000005
RD6                               00000006
RD7                               00000007
RE0                               00000000
RE1                               00000001
RE2                               00000002
READ_WRITE                        00000002
RP0                               00000005
RP1                               00000006
RSEN                              00000001
RX9                               00000006
RX9D                              00000000
R_NOT_W                           00000002
R_W                               00000002
S                                 00000003
gpasm-1.4.0 #1107 (Jan  1 2021)     hex01.asm   3-21-2026  00:09:41         PAGE  8


SYMBOL TABLE
  LABEL                             VALUE 

SEN                               00000000
SMP                               00000007
SPBRG                             00000099
SPEN                              00000007
SREN                              00000005
SSPADD                            00000093
SSPBUF                            00000013
SSPCON                            00000014
SSPCON2                           00000091
SSPEN                             00000005
SSPIE                             00000003
SSPIF                             00000003
SSPM0                             00000000
SSPM1                             00000001
SSPM2                             00000002
SSPM3                             00000003
SSPOV                             00000006
SSPSTAT                           00000094
START                             00000005
STATUS                            00000003
SYNC                              00000004
T0CS                              00000005
T0IE                              00000005
T0IF                              00000002
T0SE                              00000004
T1CKPS0                           00000004
T1CKPS1                           00000005
T1CON                             00000010
T1INSYNC                          00000002
T1OSCEN                           00000003
T1SYNC                            00000002
T2CKPS0                           00000000
T2CKPS1                           00000001
T2CON                             00000012
TMR0                              00000001
TMR0IE                            00000005
TMR0IF                            00000002
TMR1                              0000000E
TMR1CS                            00000001
TMR1H                             0000000F
TMR1IE                            00000000
TMR1IF                            00000000
TMR1L                             0000000E
TMR1ON                            00000000
TMR2                              00000011
TMR2IE                            00000001
TMR2IF                            00000001
TMR2ON                            00000002
TOUTPS0                           00000003
TOUTPS1                           00000004
TOUTPS2                           00000005
TOUTPS3                           00000006
TRISA                             00000085
gpasm-1.4.0 #1107 (Jan  1 2021)     hex01.asm   3-21-2026  00:09:41         PAGE  9


SYMBOL TABLE
  LABEL                             VALUE 

TRISA0                            00000000
TRISA1                            00000001
TRISA2                            00000002
TRISA3                            00000003
TRISA4                            00000004
TRISA5                            00000005
TRISB                             00000086
TRISB0                            00000000
TRISB1                            00000001
TRISB2                            00000002
TRISB3                            00000003
TRISB4                            00000004
TRISB5                            00000005
TRISB6                            00000006
TRISB7                            00000007
TRISC                             00000087
TRISC0                            00000000
TRISC1                            00000001
TRISC2                            00000002
TRISC3                            00000003
TRISC4                            00000004
TRISC5                            00000005
TRISC6                            00000006
TRISC7                            00000007
TRISD                             00000088
TRISD0                            00000000
TRISD1                            00000001
TRISD2                            00000002
TRISD3                            00000003
TRISD4                            00000004
TRISD5                            00000005
TRISD6                            00000006
TRISD7                            00000007
TRISE                             00000089
TRISE0                            00000000
TRISE1                            00000001
TRISE2                            00000002
TRMT                              00000001
TX8_9                             00000006
TX9                               00000006
TX9D                              00000000
TXD8                              00000000
TXEN                              00000005
TXIE                              00000004
TXIF                              00000004
TXREG                             00000019
TXSTA                             00000098
UA                                00000001
W                                 00000000
WAIT_1                            00000015
WAIT_2                            0000001D
WAIT_3                            00000025
WAIT_4                            0000002D
gpasm-1.4.0 #1107 (Jan  1 2021)     hex01.asm   3-21-2026  00:09:41         PAGE 10


SYMBOL TABLE
  LABEL                             VALUE 

WAIT_5                            00000035
WAIT_6                            0000003D
WCOL                              00000007
WR                                00000001
WREN                              00000002
WRERR                             00000003
Z                                 00000002
_BODEN_OFF                        00003FBF
_BODEN_ON                         00003FFF
_BOREN_OFF                        00003FBF
_BOREN_ON                         00003FFF
_CONFIG                           00002007
_CPD_OFF                          00003FFF
_CPD_ON                           00003EFF
_CP_ALL                           00001FFF
_CP_OFF                           00003FFF
_CP_ON                            00001FFF
_DEBUG_OFF                        00003FFF
_DEBUG_ON                         000037FF
_DEVID1                           00002006
_FOSC_EXTRC                       00003FFF
_FOSC_HS                          00003FFE
_FOSC_LP                          00003FFC
_FOSC_XT                          00003FFD
_HS_OSC                           00003FFE
_IDLOC0                           00002000
_IDLOC1                           00002001
_IDLOC2                           00002002
_IDLOC3                           00002003
_LP_OSC                           00003FFC
_LVP_OFF                          00003F7F
_LVP_ON                           00003FFF
_PWRTE_OFF                        00003FFF
_PWRTE_ON                         00003FF7
_RC_OSC                           00003FFF
_WDTE_OFF                         00003FFB
_WDTE_ON                          00003FFF
_WDT_OFF                          00003FFB
_WDT_ON                           00003FFF
_WRT_1FOURTH                      00003BFF
_WRT_256                          00003DFF
_WRT_HALF                         000039FF
_WRT_OFF                          00003FFF
_XT_OSC                           00003FFD
__16F877A                         00000001
__CODE_END                        00001FFF
__CODE_START                      00000000
__COMMON_RAM_END                  0000007F
__COMMON_RAM_START                00000070
__EEPROM_END                      000021FF
__EEPROM_START                    00002100
__VECTOR_INT                      00000004
__VECTOR_RESET                    00000000


gpasm-1.4.0 #1107 (Jan  1 2021)     hex01.asm   3-21-2026  00:09:41         PAGE 11


SYMBOL TABLE
  LABEL                             VALUE 

MEMORY USAGE MAP ('X' = Used,  '-' = Unused)

0000 : X----XXXXXXXXXXX XXXXXXXXXXXXXXXX XXXXXXXXXXXXXXXX XXXXXXXXXXXXXXXX
0040 : XXXXXXXXXX------ ---------------- ---------------- ----------------
2000 : -------X-------- ---------------- ---------------- ----------------

All other memory blocks unused.

Program Memory Words Used:    70
Program Memory Words Free:  8122


Errors   :     0
Warnings :     0 reported,     0 suppressed
Messages :     3 reported,     0 suppressed

